<?xml version="1.0" encoding="UTF-8"?>
<!-- Generated by org.testng.reporters.JUnitReportReporter -->
<testsuite skipped="0" hostname="lgvn14736" name="Railway.TestCase14to17" tests="11" failures="0" timestamp="27 Jul 2018 02:04:48 GMT" time="87.326" errors="0">
  <testcase name="TC14" time="8.107" classname="Railway.TestCase14to17"/>
  <testcase name="TC10andTC11" time="8.580" classname="Railway.TestCase14to17"/>
  <testcase name="TC10andTC11" time="6.961" classname="Railway.TestCase14to17"/>
  <testcase name="TC10andTC11" time="7.335" classname="Railway.TestCase14to17"/>
  <testcase name="TC10andTC11" time="7.086" classname="Railway.TestCase14to17"/>
  <testcase name="TC10andTC11" time="7.484" classname="Railway.TestCase14to17"/>
  <testcase name="TC16" time="10.312" classname="Railway.TestCase14to17"/>
  <testcase name="TC10andTC11" time="7.287" classname="Railway.TestCase14to17"/>
  <testcase name="TC10andTC11" time="7.236" classname="Railway.TestCase14to17"/>
  <testcase name="TC15" time="10.284" classname="Railway.TestCase14to17"/>
  <testcase name="TC17" time="6.654" classname="Railway.TestCase14to17"/>
</testsuite> <!-- Railway.TestCase14to17 -->
