<?xml version="1.0" encoding="UTF-8"?>
<!-- Generated by org.testng.reporters.JUnitReportReporter -->
<testsuite skipped="0" hostname="lgvn14736" name="Railway.TC10_TC11_TC15_TC16_TC17_TC15" tests="11" failures="0" timestamp="27 Jul 2018 09:33:43 GMT" time="104.552" errors="0">
  <testcase name="TC10andTC11" time="7.261" classname="Railway.TC10_TC11_TC15_TC16_TC17_TC15"/>
  <testcase name="TC10andTC11" time="7.678" classname="Railway.TC10_TC11_TC15_TC16_TC17_TC15"/>
  <testcase name="TC10andTC11" time="7.647" classname="Railway.TC10_TC11_TC15_TC16_TC17_TC15"/>
  <testcase name="TC10andTC11" time="7.210" classname="Railway.TC10_TC11_TC15_TC16_TC17_TC15"/>
  <testcase name="TC10andTC11" time="7.570" classname="Railway.TC10_TC11_TC15_TC16_TC17_TC15"/>
  <testcase name="TC10andTC11" time="7.862" classname="Railway.TC10_TC11_TC15_TC16_TC17_TC15"/>
  <testcase name="precondition" time="25.249" classname="Railway.TC10_TC11_TC15_TC16_TC17_TC15"/>
  <testcase name="TC15" time="9.792" classname="Railway.TC10_TC11_TC15_TC16_TC17_TC15"/>
  <testcase name="TC16" time="9.711" classname="Railway.TC10_TC11_TC15_TC16_TC17_TC15"/>
  <testcase name="TC17" time="6.985" classname="Railway.TC10_TC11_TC15_TC16_TC17_TC15"/>
  <testcase name="TC14" time="7.587" classname="Railway.TC10_TC11_TC15_TC16_TC17_TC15"/>
</testsuite> <!-- Railway.TC10_TC11_TC15_TC16_TC17_TC15 -->
