<?xml version="1.0" encoding="UTF-8"?>
<!-- Generated by org.testng.reporters.JUnitReportReporter -->
<testsuite skipped="0" hostname="lgvn14736" name="Railway.TC07_TC8_DataProvider" tests="3" failures="0" timestamp="27 Jul 2018 08:28:09 GMT" time="49.982" errors="0">
  <testcase name="precondition" time="36.214" classname="Railway.TC07_TC8_DataProvider"/>
  <testcase name="TC07_TC08" time="6.901" classname="Railway.TC07_TC8_DataProvider"/>
  <testcase name="TC07_TC08" time="6.867" classname="Railway.TC07_TC8_DataProvider"/>
</testsuite> <!-- Railway.TC07_TC8_DataProvider -->
