<?xml version="1.0" encoding="UTF-8"?>
<!-- Generated by org.testng.reporters.JUnitReportReporter -->
<testsuite skipped="0" hostname="lgvn14736" name="Railway.TC09" tests="1" failures="0" timestamp="27 Jul 2018 07:18:48 GMT" time="6.216" errors="0">
  <testcase name="TC09" time="6.216" classname="Railway.TC09"/>
</testsuite> <!-- Railway.TC09 -->
