<?xml version="1.0" encoding="UTF-8"?>
<!-- Generated by org.testng.reporters.JUnitReportReporter -->
<testsuite skipped="0" hostname="lgvn14736" name="Railway.TC10_TC11_TC15_TC16_TC17_TC14_DataDriven" tests="11" failures="0" timestamp="27 Jul 2018 09:27:47 GMT" time="125.674" errors="0">
  <testcase name="TC10andTC11" time="6.959" classname="Railway.TC10_TC11_TC15_TC16_TC17_TC14_DataDriven"/>
  <testcase name="TC10andTC11" time="6.702" classname="Railway.TC10_TC11_TC15_TC16_TC17_TC14_DataDriven"/>
  <testcase name="TC10andTC11" time="7.213" classname="Railway.TC10_TC11_TC15_TC16_TC17_TC14_DataDriven"/>
  <testcase name="TC10andTC11" time="7.074" classname="Railway.TC10_TC11_TC15_TC16_TC17_TC14_DataDriven"/>
  <testcase name="precondition" time="40.583" classname="Railway.TC10_TC11_TC15_TC16_TC17_TC14_DataDriven"/>
  <testcase name="TC10andTC11" time="6.947" classname="Railway.TC10_TC11_TC15_TC16_TC17_TC14_DataDriven"/>
  <testcase name="TC10andTC11" time="16.412" classname="Railway.TC10_TC11_TC15_TC16_TC17_TC14_DataDriven"/>
  <testcase name="TC15_TC16" time="9.070" classname="Railway.TC10_TC11_TC15_TC16_TC17_TC14_DataDriven"/>
  <testcase name="TC15_TC16" time="11.330" classname="Railway.TC10_TC11_TC15_TC16_TC17_TC14_DataDriven"/>
  <testcase name="TC17" time="6.421" classname="Railway.TC10_TC11_TC15_TC16_TC17_TC14_DataDriven"/>
  <testcase name="TC14" time="6.963" classname="Railway.TC10_TC11_TC15_TC16_TC17_TC14_DataDriven"/>
</testsuite> <!-- Railway.TC10_TC11_TC15_TC16_TC17_TC14_DataDriven -->
