<?xml version="1.0" encoding="UTF-8"?>
<!-- Generated by org.testng.reporters.JUnitReportReporter -->
<testsuite skipped="0" hostname="lgvn14736" name="Railway.TC02_TestFunctionCreateAccount" tests="1" failures="0" timestamp="31 Jul 2018 04:11:15 GMT" time="6.462" errors="0">
  <testcase name="TC09" time="6.462" classname="Railway.TC02_TestFunctionCreateAccount"/>
</testsuite> <!-- Railway.TC02_TestFunctionCreateAccount -->
