<?xml version="1.0" encoding="UTF-8"?>
<!-- Generated by org.testng.reporters.JUnitReportReporter -->
<testsuite skipped="0" hostname="lgvn14736" name="com.logigear.selenium.test.railway.TC02_TestFunctionCreateAccount" tests="1" failures="0" timestamp="06 Aug 2018 03:14:09 GMT" time="12.929" errors="0">
  <testcase name="TC09" time="12.929" classname="com.logigear.selenium.test.railway.TC02_TestFunctionCreateAccount"/>
</testsuite> <!-- com.logigear.selenium.test.railway.TC02_TestFunctionCreateAccount -->
