<?xml version="1.0" encoding="UTF-8"?>
<!-- Generated by org.testng.reporters.JUnitReportReporter -->
<testsuite skipped="0" hostname="lgvn14736" name="com.logigear.selenium.test.railway.tempTest" tests="3" failures="0" timestamp="02 Aug 2018 03:30:17 GMT" time="31.145" errors="0">
  <testcase name="executeSessionTwo" time="9.109" classname="com.logigear.selenium.test.railway.tempTest"/>
  <testcase name="executSessionOne" time="12.983" classname="com.logigear.selenium.test.railway.tempTest"/>
  <testcase name="executSessionThree" time="9.053" classname="com.logigear.selenium.test.railway.tempTest"/>
</testsuite> <!-- com.logigear.selenium.test.railway.tempTest -->
