<?xml version="1.0" encoding="UTF-8"?>
<!-- Generated by org.testng.reporters.JUnitReportReporter -->
<testsuite skipped="0" hostname="lgvn14736" name="Railway.TC07_TC08" tests="3" failures="0" timestamp="27 Jul 2018 07:58:54 GMT" time="37.714" errors="0">
  <testcase name="precondition" time="25.650" classname="Railway.TC07_TC08"/>
  <testcase name="TC08" time="6.202" classname="Railway.TC07_TC08"/>
  <testcase name="TC07_TC08" time="5.862" classname="Railway.TC07_TC08"/>
</testsuite> <!-- Railway.TC07_TC08 -->
