<?xml version="1.0" encoding="UTF-8"?>
<!-- Generated by org.testng.reporters.JUnitReportReporter -->
<testsuite skipped="0" hostname="lgvn14736" name="Railway.TC03_TestFunctionChangePassword_DataProvider" tests="3" failures="0" timestamp="31 Jul 2018 04:12:17 GMT" time="39.238" errors="0">
  <testcase name="TC07_TC08" time="8.425" classname="Railway.TC03_TestFunctionChangePassword_DataProvider"/>
  <testcase name="precondition" time="23.898" classname="Railway.TC03_TestFunctionChangePassword_DataProvider"/>
  <testcase name="TC07_TC08" time="6.915" classname="Railway.TC03_TestFunctionChangePassword_DataProvider"/>
</testsuite> <!-- Railway.TC03_TestFunctionChangePassword_DataProvider -->
