<?xml version="1.0" encoding="UTF-8"?>
<!-- Generated by org.testng.reporters.JUnitReportReporter -->
<testsuite skipped="0" hostname="lgvn14736" name="Railway.TestCase10and11" tests="2" failures="0" timestamp="25 Jul 2018 06:33:26 GMT" time="16.068" errors="0">
  <testcase name="TC10andTC11" time="7.417" classname="Railway.TestCase10and11"/>
  <testcase name="TC10andTC11" time="8.651" classname="Railway.TestCase10and11"/>
</testsuite> <!-- Railway.TestCase10and11 -->
