<?xml version="1.0" encoding="UTF-8"?>
<!-- Generated by org.testng.reporters.JUnitReportReporter -->
<testsuite skipped="2" hostname="lgvn14736" name="com.logigear.selenium.test.railway.TC04_TestNavigationsToBookTicketPage" tests="3" failures="0" timestamp="02 Aug 2018 11:41:14 GMT" time="56.521" errors="1">
  <testcase name="TC12" time="0.000" classname="com.logigear.selenium.test.railway.TC04_TestNavigationsToBookTicketPage">
    <skipped/>
  </testcase> <!-- TC12 -->
  <testcase name="precondition" time="56.521" classname="com.logigear.selenium.test.railway.TC04_TestNavigationsToBookTicketPage">
    <error type="java.lang.NullPointerException">
      <![CDATA[java.lang.NullPointerException
at com.logigear.selenium.test.railway.Precondition.preconditionCreateAndActiveAccount(Precondition.java:105)
at com.logigear.selenium.test.railway.TC04_TestNavigationsToBookTicketPage.precondition(TC04_TestNavigationsToBookTicketPage.java:36)
at sun.reflect.NativeMethodAccessorImpl.invoke0(Native Method)
at sun.reflect.NativeMethodAccessorImpl.invoke(NativeMethodAccessorImpl.java:62)
at sun.reflect.DelegatingMethodAccessorImpl.invoke(DelegatingMethodAccessorImpl.java:43)
at java.lang.reflect.Method.invoke(Method.java:498)
at org.testng.internal.MethodInvocationHelper.invokeMethod(MethodInvocationHelper.java:124)
at org.testng.internal.Invoker.invokeMethod(Invoker.java:580)
at org.testng.internal.Invoker.invokeTestMethod(Invoker.java:716)
at org.testng.internal.Invoker.invokeTestMethods(Invoker.java:988)
at org.testng.internal.TestMethodWorker.invokeTestMethods(TestMethodWorker.java:125)
at org.testng.internal.TestMethodWorker.run(TestMethodWorker.java:109)
at java.util.concurrent.ThreadPoolExecutor.runWorker(ThreadPoolExecutor.java:1149)
at java.util.concurrent.ThreadPoolExecutor$Worker.run(ThreadPoolExecutor.java:624)
at java.lang.Thread.run(Thread.java:748)
]]>
    </error>
  </testcase> <!-- precondition -->
  <testcase name="TC13" time="0.000" classname="com.logigear.selenium.test.railway.TC04_TestNavigationsToBookTicketPage">
    <skipped/>
  </testcase> <!-- TC13 -->
</testsuite> <!-- com.logigear.selenium.test.railway.TC04_TestNavigationsToBookTicketPage -->
