<?xml version="1.0" encoding="UTF-8"?>
<!-- Generated by org.testng.reporters.JUnitReportReporter -->
<testsuite skipped="0" hostname="lgvn14736" name="com.logigear.selenium.test.railway.Sample_LoginTest" tests="2" failures="0" timestamp="06 Aug 2018 03:14:09 GMT" time="24.723" errors="0">
  <testcase name="TC02" time="12.002" classname="com.logigear.selenium.test.railway.Sample_LoginTest"/>
  <testcase name="TC01" time="12.721" classname="com.logigear.selenium.test.railway.Sample_LoginTest"/>
</testsuite> <!-- com.logigear.selenium.test.railway.Sample_LoginTest -->
