<?xml version="1.0" encoding="UTF-8"?>
<!-- Generated by org.testng.reporters.JUnitReportReporter -->
<testsuite skipped="0" hostname="lgvn14736" name="com.logigear.selenium.test.railway.Sample_LoginTest" tests="2" failures="0" timestamp="02 Aug 2018 11:41:14 GMT" time="100.951" errors="0">
  <testcase name="TC02" time="50.476" classname="com.logigear.selenium.test.railway.Sample_LoginTest"/>
  <testcase name="TC01" time="50.475" classname="com.logigear.selenium.test.railway.Sample_LoginTest"/>
</testsuite> <!-- com.logigear.selenium.test.railway.Sample_LoginTest -->
