<?xml version="1.0" encoding="UTF-8"?>
<!-- Generated by org.testng.reporters.JUnitReportReporter -->
<testsuite skipped="0" hostname="lgvn14736" name="Railway.LoginTest2" tests="1" failures="0" timestamp="23 Jul 2018 06:47:29 GMT" time="6.128" errors="0">
  <testcase name="TC01" time="6.128" classname="Railway.LoginTest2"/>
</testsuite> <!-- Railway.LoginTest2 -->
