<?xml version="1.0" encoding="UTF-8"?>
<!-- Generated by org.testng.reporters.JUnitReportReporter -->
<testsuite skipped="0" hostname="lgvn14736" name="Railway.TestCase14" tests="1" failures="0" timestamp="26 Jul 2018 09:48:46 GMT" time="6.902" errors="0">
  <testcase name="TC17" time="6.902" classname="Railway.TestCase14"/>
</testsuite> <!-- Railway.TestCase14 -->
