<?xml version="1.0" encoding="UTF-8"?>
<!-- Generated by org.testng.reporters.JUnitReportReporter -->
<testsuite skipped="0" hostname="lgvn14736" name="Railway.TestCase13" tests="1" failures="0" timestamp="25 Jul 2018 09:52:00 GMT" time="41.820" errors="0">
  <testcase name="TC13" time="41.820" classname="Railway.TestCase13"/>
</testsuite> <!-- Railway.TestCase13 -->
