<?xml version="1.0" encoding="UTF-8"?>
<!-- Generated by org.testng.reporters.JUnitReportReporter -->
<testsuite skipped="0" hostname="lgvn14736" name="com.logigear.selenium.test.railway.Precondition" tests="1" failures="0" timestamp="01 Aug 2018 11:10:07 GMT" time="35.554" errors="0">
  <testcase name="preconditionCreateAndActiveAccount" time="35.554" classname="com.logigear.selenium.test.railway.Precondition"/>
</testsuite> <!-- com.logigear.selenium.test.railway.Precondition -->
