<?xml version="1.0" encoding="UTF-8"?>
<!-- Generated by org.testng.reporters.JUnitReportReporter -->
<testsuite skipped="0" hostname="lgvn14736" name="Railway.TestCase12" tests="1" failures="0" timestamp="25 Jul 2018 08:14:50 GMT" time="7.256" errors="0">
  <testcase name="TC12" time="7.256" classname="Railway.TestCase12"/>
</testsuite> <!-- Railway.TestCase12 -->
