<?xml version="1.0" encoding="UTF-8"?>
<!-- Generated by org.testng.reporters.JUnitReportReporter -->
<testsuite skipped="2" hostname="lgvn14736" name="com.logigear.selenium.test.railway.TC03_TestFunctionChangePassword" tests="3" failures="0" timestamp="13 Aug 2018 04:23:31 GMT" time="80.140" errors="1">
  <testcase name="precondition" time="80.139" classname="com.logigear.selenium.test.railway.TC03_TestFunctionChangePassword">
    <error type="java.lang.ClassCastException" message="com.logigear.selenium.test.railway.TC03_TestFunctionChangePassword cannot be cast to com.swtestacademy.selenium.driver.TLDriverFactory">
      <![CDATA[java.lang.ClassCastException: com.logigear.selenium.test.railway.TC03_TestFunctionChangePassword cannot be cast to com.swtestacademy.selenium.driver.TLDriverFactory
at com.swtestacademy.selenium.utilities.listeners.Retry.extendReportsFailOperations(Retry.java:38)
at com.swtestacademy.selenium.utilities.listeners.Retry.retry(Retry.java:26)
at org.testng.internal.Invoker.handleInvocationResults(Invoker.java:1163)
at org.testng.internal.Invoker.invokeMethod(Invoker.java:616)
at org.testng.internal.Invoker.invokeTestMethod(Invoker.java:716)
at org.testng.internal.Invoker.invokeTestMethods(Invoker.java:988)
at org.testng.internal.TestMethodWorker.invokeTestMethods(TestMethodWorker.java:125)
at org.testng.internal.TestMethodWorker.run(TestMethodWorker.java:109)
at java.util.concurrent.ThreadPoolExecutor.runWorker(ThreadPoolExecutor.java:1149)
at java.util.concurrent.ThreadPoolExecutor$Worker.run(ThreadPoolExecutor.java:624)
at java.lang.Thread.run(Thread.java:748)
]]>
    </error>
  </testcase> <!-- precondition -->
  <testcase name="TC08" time="0.000" classname="com.logigear.selenium.test.railway.TC03_TestFunctionChangePassword">
    <skipped/>
  </testcase> <!-- TC08 -->
  <testcase name="TC07_TC08" time="0.001" classname="com.logigear.selenium.test.railway.TC03_TestFunctionChangePassword">
    <skipped/>
  </testcase> <!-- TC07_TC08 -->
</testsuite> <!-- com.logigear.selenium.test.railway.TC03_TestFunctionChangePassword -->
