<?xml version="1.0" encoding="UTF-8"?>
<!-- Generated by org.testng.reporters.JUnitReportReporter -->
<testsuite skipped="0" hostname="lgvn14736" name="com.logigear.selenium.test.railway.TC01_TestFunctionLogin" tests="2" failures="1" timestamp="07 Aug 2018 04:40:15 GMT" time="60.831" errors="0">
  <testcase name="precondition" time="51.968" classname="com.logigear.selenium.test.railway.TC01_TestFunctionLogin"/>
  <testcase name="TC01_TC02_TC03_TC04_TC06" time="8.863" classname="com.logigear.selenium.test.railway.TC01_TestFunctionLogin">
    <failure type="java.lang.AssertionError" message="TC01 - Welcome message is not displayed as expected expected [Welcome e9fv5fv@def.com] but found [Welcome guest!]">
      <![CDATA[java.lang.AssertionError: TC01 - Welcome message is not displayed as expected expected [Welcome e9fv5fv@def.com] but found [Welcome guest!]
at org.testng.Assert.fail(Assert.java:96)
at org.testng.Assert.failNotEquals(Assert.java:776)
at org.testng.Assert.assertEqualsImpl(Assert.java:137)
at org.testng.Assert.assertEquals(Assert.java:118)
at org.testng.Assert.assertEquals(Assert.java:453)
at com.logigear.selenium.test.railway.TC01_TestFunctionLogin.TC01_TC02_TC03_TC04_TC06(TC01_TestFunctionLogin.java:56)
at sun.reflect.NativeMethodAccessorImpl.invoke0(Native Method)
at sun.reflect.NativeMethodAccessorImpl.invoke(NativeMethodAccessorImpl.java:62)
at sun.reflect.DelegatingMethodAccessorImpl.invoke(DelegatingMethodAccessorImpl.java:43)
at java.lang.reflect.Method.invoke(Method.java:498)
at org.testng.internal.MethodInvocationHelper.invokeMethod(MethodInvocationHelper.java:124)
at org.testng.internal.Invoker.invokeMethod(Invoker.java:580)
at org.testng.internal.Invoker.invokeTestMethod(Invoker.java:716)
at org.testng.internal.Invoker.invokeTestMethods(Invoker.java:988)
at org.testng.internal.TestMethodWorker.invokeTestMethods(TestMethodWorker.java:125)
at org.testng.internal.TestMethodWorker.run(TestMethodWorker.java:109)
at java.util.concurrent.ThreadPoolExecutor.runWorker(ThreadPoolExecutor.java:1149)
at java.util.concurrent.ThreadPoolExecutor$Worker.run(ThreadPoolExecutor.java:624)
at java.lang.Thread.run(Thread.java:748)
]]>
    </failure>
  </testcase> <!-- TC01_TC02_TC03_TC04_TC06 -->
</testsuite> <!-- com.logigear.selenium.test.railway.TC01_TestFunctionLogin -->
