<?xml version="1.0" encoding="UTF-8"?>
<!-- Generated by org.testng.reporters.JUnitReportReporter -->
<testsuite skipped="0" hostname="lgvn14736" name="com.logigear.selenium.test.railway.TC02_TestFunctionCreateAccount" tests="1" failures="0" timestamp="09 Aug 2018 06:52:23 GMT" time="29.484" errors="0">
  <testcase name="TC09" time="29.484" classname="com.logigear.selenium.test.railway.TC02_TestFunctionCreateAccount"/>
</testsuite> <!-- com.logigear.selenium.test.railway.TC02_TestFunctionCreateAccount -->
