<?xml version="1.0" encoding="UTF-8"?>
<!-- Generated by org.testng.reporters.JUnitReportReporter -->
<testsuite skipped="0" hostname="lgvn14736" name="com.logigear.selenium.test.railway.Sample_LoginTest" tests="2" failures="0" timestamp="07 Aug 2018 04:40:15 GMT" time="68.664" errors="0">
  <testcase name="TC01" time="34.361" classname="com.logigear.selenium.test.railway.Sample_LoginTest"/>
  <testcase name="TC02" time="34.303" classname="com.logigear.selenium.test.railway.Sample_LoginTest"/>
</testsuite> <!-- com.logigear.selenium.test.railway.Sample_LoginTest -->
