<?xml version="1.0" encoding="UTF-8"?>
<!-- Generated by org.testng.reporters.JUnitReportReporter -->
<testsuite skipped="0" hostname="lgvn14736" name="com.logigear.selenium.test.railway.TC01_TestFunctionLogin" tests="2" failures="0" timestamp="09 Aug 2018 06:52:23 GMT" time="54.355" errors="1">
  <testcase name="precondition" time="47.388" classname="com.logigear.selenium.test.railway.TC01_TestFunctionLogin"/>
  <testcase name="TC01_TC02_TC03_TC04_TC06" time="6.967" classname="com.logigear.selenium.test.railway.TC01_TestFunctionLogin">
    <error type="java.lang.ClassCastException" message="com.logigear.selenium.test.railway.TC01_TestFunctionLogin cannot be cast to com.swtestacademy.selenium.driver.TLDriverFactory">
      <![CDATA[java.lang.ClassCastException: com.logigear.selenium.test.railway.TC01_TestFunctionLogin cannot be cast to com.swtestacademy.selenium.driver.TLDriverFactory
at com.swtestacademy.selenium.utilities.listeners.Retry.extendReportsFailOperations(Retry.java:39)
at com.swtestacademy.selenium.utilities.listeners.Retry.retry(Retry.java:27)
at org.testng.internal.Invoker.handleInvocationResults(Invoker.java:1163)
at org.testng.internal.Invoker.invokeMethod(Invoker.java:616)
at org.testng.internal.Invoker.invokeTestMethod(Invoker.java:716)
at org.testng.internal.Invoker.invokeTestMethods(Invoker.java:988)
at org.testng.internal.TestMethodWorker.invokeTestMethods(TestMethodWorker.java:125)
at org.testng.internal.TestMethodWorker.run(TestMethodWorker.java:109)
at java.util.concurrent.ThreadPoolExecutor.runWorker(ThreadPoolExecutor.java:1149)
at java.util.concurrent.ThreadPoolExecutor$Worker.run(ThreadPoolExecutor.java:624)
at java.lang.Thread.run(Thread.java:748)
]]>
    </error>
  </testcase> <!-- TC01_TC02_TC03_TC04_TC06 -->
</testsuite> <!-- com.logigear.selenium.test.railway.TC01_TestFunctionLogin -->
