<?xml version="1.0" encoding="UTF-8"?>
<!-- Generated by org.testng.reporters.JUnitReportReporter -->
<testsuite skipped="0" hostname="lgvn14736" name="com.logigear.selenium.test.railway.TC03_TestFunctionChangePassword" tests="3" failures="0" timestamp="07 Aug 2018 04:44:48 GMT" time="42.487" errors="0">
  <testcase name="precondition" time="31.923" classname="com.logigear.selenium.test.railway.TC03_TestFunctionChangePassword"/>
  <testcase name="TC08" time="5.173" classname="com.logigear.selenium.test.railway.TC03_TestFunctionChangePassword"/>
  <testcase name="TC07_TC08" time="5.391" classname="com.logigear.selenium.test.railway.TC03_TestFunctionChangePassword"/>
</testsuite> <!-- com.logigear.selenium.test.railway.TC03_TestFunctionChangePassword -->
